2025-06-11 08:55:42,568 - INFO: ======================================================================
2025-06-11 08:55:42,951 - INFO: Executing PowerShell script 'Write-Output 'Conexão DHCP bem-sucedida''
2025-06-11 08:55:42,952 - INFO: Initialising RunspacePool object for configuration Microsoft.PowerShell
2025-06-11 08:55:42,953 - INFO: Opening a new Runspace Pool on remote host
2025-06-11 08:56:26,459 - INFO: ======================================================================
2025-06-11 08:56:26,770 - INFO: Executing PowerShell script 'Write-Output 'Conexão DHCP bem-sucedida''
2025-06-11 08:56:26,772 - INFO: Initialising RunspacePool object for configuration Microsoft.PowerShell
2025-06-11 08:56:26,773 - INFO: Opening a new Runspace Pool on remote host
2025-06-11 08:56:27,844 - INFO: Initialising PowerShell in remote Runspace Pool
2025-06-11 08:56:27,845 - INFO: Beginning remote Pipeline invocation
2025-06-11 08:56:28,167 - INFO: Closing Runspace Pool
2025-06-11 08:56:28,352 - INFO: Executing PowerShell script '
                $filters = Get-DhcpServerv4Filter -List Allow
                $serviceTagFilters = @()
                $totalFilters = @()
                
                foreach ($filter in $filters) {
                    $description = if ($filter.Description) { $filter.Description } else { "" }
                    $name = if ($filter.Name) { $filter.Name } else { "" }
                    
                    # Adicionar todos os filtros
                    $filterObj = [PSCustomObject]@{
                        MacAddress = $filter.MacAddress
                        Description = $description
                        Name = $name
                        Type = "Allow"
                    }
                    $totalFilters += $filterObj
                    
                    # Verificar se contém service tag (padrão básico)
                    $combinedText = "$name $description"
                    if ($combinedText -match '[A-Z]{3}[A-Z0-9]{4,9}') {
                        $serviceTagObj = [PSCustomObject]@{
                            MacAddress = $filter.MacAddress
                            Description = $description
                            Name = $name
                            Type = "Allow"
                            CombinedText = $combinedText
                        }
                        $serviceTagFilters += $serviceTagObj
                    }
                }
                
                Write-Output "TOTAL_FILTERS_ALLOW: $($totalFilters.Count)"
                Write-Output "SERVICE_TAG_FILTERS_ALLOW: $($serviceTagFilters.Count)"
                
                # Retornar apenas filtros com service tag para economia de dados
                foreach ($filter in $serviceTagFilters) {
                    Write-Output "FILTER_ALLOW: $($filter.MacAddress)|$($filter.Description)|$($filter.Name)"
                }
                '
2025-06-11 08:56:28,377 - INFO: Initialising RunspacePool object for configuration Microsoft.PowerShell
2025-06-11 08:56:28,423 - INFO: Opening a new Runspace Pool on remote host
2025-06-11 08:56:28,954 - INFO: Initialising PowerShell in remote Runspace Pool
2025-06-11 08:56:28,965 - INFO: Beginning remote Pipeline invocation
2025-06-11 08:56:36,183 - INFO: Closing Runspace Pool
2025-06-11 08:56:36,329 - INFO: Executing PowerShell script '
                $filters = Get-DhcpServerv4Filter -List Deny
                $serviceTagFilters = @()
                $totalFilters = @()
                
                foreach ($filter in $filters) {
                    $description = if ($filter.Description) { $filter.Description } else { "" }
                    $name = if ($filter.Name) { $filter.Name } else { "" }
                    
                    # Adicionar todos os filtros
                    $filterObj = [PSCustomObject]@{
                        MacAddress = $filter.MacAddress
                        Description = $description
                        Name = $name
                        Type = "Deny"
                    }
                    $totalFilters += $filterObj
                    
                    # Verificar se contém service tag (padrão básico)
                    $combinedText = "$name $description"
                    if ($combinedText -match '[A-Z]{3}[A-Z0-9]{4,9}') {
                        $serviceTagObj = [PSCustomObject]@{
                            MacAddress = $filter.MacAddress
                            Description = $description
                            Name = $name
                            Type = "Deny"
                            CombinedText = $combinedText
                        }
                        $serviceTagFilters += $serviceTagObj
                    }
                }
                
                Write-Output "TOTAL_FILTERS_DENY: $($totalFilters.Count)"
                Write-Output "SERVICE_TAG_FILTERS_DENY: $($serviceTagFilters.Count)"
                
                # Retornar apenas filtros com service tag para economia de dados
                foreach ($filter in $serviceTagFilters) {
                    Write-Output "FILTER_DENY: $($filter.MacAddress)|$($filter.Description)|$($filter.Name)"
                }
                '
2025-06-11 08:56:36,336 - INFO: Initialising RunspacePool object for configuration Microsoft.PowerShell
2025-06-11 08:56:36,336 - INFO: Opening a new Runspace Pool on remote host
2025-06-11 08:56:36,881 - INFO: Initialising PowerShell in remote Runspace Pool
2025-06-11 08:56:36,886 - INFO: Beginning remote Pipeline invocation
2025-06-11 08:56:39,104 - INFO: Closing Runspace Pool
2025-06-11 08:56:46,592 - INFO: Executing PowerShell script 'Write-Output 'Conexão DHCP bem-sucedida''
2025-06-11 08:56:46,592 - INFO: Initialising RunspacePool object for configuration Microsoft.PowerShell
2025-06-11 08:56:46,593 - INFO: Opening a new Runspace Pool on remote host
2025-06-11 08:57:07,597 - ERROR: Erro ao testar conexão DHCP: HTTPConnectionPool(host='10.4.4.31', port=5985): Max retries exceeded with url: /wsman (Caused by ConnectTimeoutError(<urllib3.connection.HTTPConnection object at 0x000001A164308BF0>, 'Connection to 10.4.4.31 timed out. (connect timeout=30)'))
2025-06-11 08:57:09,681 - INFO: Executing PowerShell script 'Write-Output 'Conexão DHCP bem-sucedida''
2025-06-11 08:57:09,681 - INFO: Initialising RunspacePool object for configuration Microsoft.PowerShell
2025-06-11 08:57:09,682 - INFO: Opening a new Runspace Pool on remote host
2025-06-11 08:57:30,696 - ERROR: Erro ao testar conexão DHCP: HTTPConnectionPool(host='10.4.4.32', port=5985): Max retries exceeded with url: /wsman (Caused by ConnectTimeoutError(<urllib3.connection.HTTPConnection object at 0x000001A164340AD0>, 'Connection to 10.4.4.32 timed out. (connect timeout=30)'))
2025-06-11 08:57:32,720 - INFO: Executing PowerShell script 'Write-Output 'Conexão DHCP bem-sucedida''
2025-06-11 08:57:32,721 - INFO: Initialising RunspacePool object for configuration Microsoft.PowerShell
2025-06-11 08:57:32,721 - INFO: Opening a new Runspace Pool on remote host
2025-06-11 09:02:28,105 - INFO: ======================================================================
2025-06-11 09:02:28,434 - INFO: Executing PowerShell script 'Write-Output 'Conexão DHCP bem-sucedida''
2025-06-11 09:02:28,439 - INFO: Initialising RunspacePool object for configuration Microsoft.PowerShell
2025-06-11 09:02:28,439 - INFO: Opening a new Runspace Pool on remote host
2025-06-11 09:02:29,396 - INFO: Initialising PowerShell in remote Runspace Pool
2025-06-11 09:02:29,397 - INFO: Beginning remote Pipeline invocation
2025-06-11 09:02:29,642 - INFO: Closing Runspace Pool
2025-06-11 09:02:29,799 - INFO: Executing PowerShell script '
                $filters = Get-DhcpServerv4Filter -List Allow
                $serviceTagFilters = @()
                $totalFilters = @()
                
                foreach ($filter in $filters) {
                    $description = if ($filter.Description) { $filter.Description } else { "" }
                    $name = if ($filter.Name) { $filter.Name } else { "" }
                    
                    # Adicionar todos os filtros
                    $filterObj = [PSCustomObject]@{
                        MacAddress = $filter.MacAddress
                        Description = $description
                        Name = $name
                        Type = "Allow"
                    }
                    $totalFilters += $filterObj
                    
                    # Verificar se contém service tag (padrão básico)
                    $combinedText = "$name $description"
                    if ($combinedText -match '[A-Z]{3}[A-Z0-9]{4,9}') {
                        $serviceTagObj = [PSCustomObject]@{
                            MacAddress = $filter.MacAddress
                            Description = $description
                            Name = $name
                            Type = "Allow"
                            CombinedText = $combinedText
                        }
                        $serviceTagFilters += $serviceTagObj
                    }
                }
                
                Write-Output "TOTAL_FILTERS_ALLOW: $($totalFilters.Count)"
                Write-Output "SERVICE_TAG_FILTERS_ALLOW: $($serviceTagFilters.Count)"
                
                # Retornar apenas filtros com service tag para economia de dados
                foreach ($filter in $serviceTagFilters) {
                    Write-Output "FILTER_ALLOW: $($filter.MacAddress)|$($filter.Description)|$($filter.Name)"
                }
                '
2025-06-11 09:02:29,814 - INFO: Initialising RunspacePool object for configuration Microsoft.PowerShell
2025-06-11 09:02:29,814 - INFO: Opening a new Runspace Pool on remote host
2025-06-11 09:02:30,328 - INFO: Initialising PowerShell in remote Runspace Pool
2025-06-11 09:02:30,328 - INFO: Beginning remote Pipeline invocation
2025-06-11 09:02:37,642 - INFO: Closing Runspace Pool
2025-06-11 09:02:37,782 - INFO: Executing PowerShell script '
                $filters = Get-DhcpServerv4Filter -List Deny
                $serviceTagFilters = @()
                $totalFilters = @()
                
                foreach ($filter in $filters) {
                    $description = if ($filter.Description) { $filter.Description } else { "" }
                    $name = if ($filter.Name) { $filter.Name } else { "" }
                    
                    # Adicionar todos os filtros
                    $filterObj = [PSCustomObject]@{
                        MacAddress = $filter.MacAddress
                        Description = $description
                        Name = $name
                        Type = "Deny"
                    }
                    $totalFilters += $filterObj
                    
                    # Verificar se contém service tag (padrão básico)
                    $combinedText = "$name $description"
                    if ($combinedText -match '[A-Z]{3}[A-Z0-9]{4,9}') {
                        $serviceTagObj = [PSCustomObject]@{
                            MacAddress = $filter.MacAddress
                            Description = $description
                            Name = $name
                            Type = "Deny"
                            CombinedText = $combinedText
                        }
                        $serviceTagFilters += $serviceTagObj
                    }
                }
                
                Write-Output "TOTAL_FILTERS_DENY: $($totalFilters.Count)"
                Write-Output "SERVICE_TAG_FILTERS_DENY: $($serviceTagFilters.Count)"
                
                # Retornar apenas filtros com service tag para economia de dados
                foreach ($filter in $serviceTagFilters) {
                    Write-Output "FILTER_DENY: $($filter.MacAddress)|$($filter.Description)|$($filter.Name)"
                }
                '
2025-06-11 09:02:37,783 - INFO: Initialising RunspacePool object for configuration Microsoft.PowerShell
2025-06-11 09:02:37,784 - INFO: Opening a new Runspace Pool on remote host
2025-06-11 09:02:38,351 - INFO: Initialising PowerShell in remote Runspace Pool
2025-06-11 09:02:38,352 - INFO: Beginning remote Pipeline invocation
2025-06-11 09:02:40,721 - INFO: Closing Runspace Pool
2025-06-11 09:02:47,857 - INFO: Executing PowerShell script 'Write-Output 'Conexão DHCP bem-sucedida''
2025-06-11 09:02:47,858 - INFO: Initialising RunspacePool object for configuration Microsoft.PowerShell
2025-06-11 09:02:47,858 - INFO: Opening a new Runspace Pool on remote host
2025-06-11 09:02:49,983 - INFO: Initialising PowerShell in remote Runspace Pool
2025-06-11 09:02:49,984 - INFO: Beginning remote Pipeline invocation
2025-06-11 09:02:51,037 - INFO: Closing Runspace Pool
2025-06-11 09:02:51,194 - INFO: Executing PowerShell script '
                $filters = Get-DhcpServerv4Filter -List Allow
                $serviceTagFilters = @()
                $totalFilters = @()
                
                foreach ($filter in $filters) {
                    $description = if ($filter.Description) { $filter.Description } else { "" }
                    $name = if ($filter.Name) { $filter.Name } else { "" }
                    
                    # Adicionar todos os filtros
                    $filterObj = [PSCustomObject]@{
                        MacAddress = $filter.MacAddress
                        Description = $description
                        Name = $name
                        Type = "Allow"
                    }
                    $totalFilters += $filterObj
                    
                    # Verificar se contém service tag (padrão básico)
                    $combinedText = "$name $description"
                    if ($combinedText -match '[A-Z]{3}[A-Z0-9]{4,9}') {
                        $serviceTagObj = [PSCustomObject]@{
                            MacAddress = $filter.MacAddress
                            Description = $description
                            Name = $name
                            Type = "Allow"
                            CombinedText = $combinedText
                        }
                        $serviceTagFilters += $serviceTagObj
                    }
                }
                
                Write-Output "TOTAL_FILTERS_ALLOW: $($totalFilters.Count)"
                Write-Output "SERVICE_TAG_FILTERS_ALLOW: $($serviceTagFilters.Count)"
                
                # Retornar apenas filtros com service tag para economia de dados
                foreach ($filter in $serviceTagFilters) {
                    Write-Output "FILTER_ALLOW: $($filter.MacAddress)|$($filter.Description)|$($filter.Name)"
                }
                '
2025-06-11 09:02:51,196 - INFO: Initialising RunspacePool object for configuration Microsoft.PowerShell
2025-06-11 09:02:51,196 - INFO: Opening a new Runspace Pool on remote host
2025-06-11 09:02:52,346 - INFO: Initialising PowerShell in remote Runspace Pool
2025-06-11 09:02:52,346 - INFO: Beginning remote Pipeline invocation
2025-06-11 09:02:59,319 - INFO: Closing Runspace Pool
2025-06-11 09:02:59,540 - INFO: Executing PowerShell script '
                $filters = Get-DhcpServerv4Filter -List Deny
                $serviceTagFilters = @()
                $totalFilters = @()
                
                foreach ($filter in $filters) {
                    $description = if ($filter.Description) { $filter.Description } else { "" }
                    $name = if ($filter.Name) { $filter.Name } else { "" }
                    
                    # Adicionar todos os filtros
                    $filterObj = [PSCustomObject]@{
                        MacAddress = $filter.MacAddress
                        Description = $description
                        Name = $name
                        Type = "Deny"
                    }
                    $totalFilters += $filterObj
                    
                    # Verificar se contém service tag (padrão básico)
                    $combinedText = "$name $description"
                    if ($combinedText -match '[A-Z]{3}[A-Z0-9]{4,9}') {
                        $serviceTagObj = [PSCustomObject]@{
                            MacAddress = $filter.MacAddress
                            Description = $description
                            Name = $name
                            Type = "Deny"
                            CombinedText = $combinedText
                        }
                        $serviceTagFilters += $serviceTagObj
                    }
                }
                
                Write-Output "TOTAL_FILTERS_DENY: $($totalFilters.Count)"
                Write-Output "SERVICE_TAG_FILTERS_DENY: $($serviceTagFilters.Count)"
                
                # Retornar apenas filtros com service tag para economia de dados
                foreach ($filter in $serviceTagFilters) {
                    Write-Output "FILTER_DENY: $($filter.MacAddress)|$($filter.Description)|$($filter.Name)"
                }
                '
2025-06-11 09:02:59,542 - INFO: Initialising RunspacePool object for configuration Microsoft.PowerShell
2025-06-11 09:02:59,542 - INFO: Opening a new Runspace Pool on remote host
2025-06-11 09:03:00,271 - INFO: Initialising PowerShell in remote Runspace Pool
2025-06-11 09:03:00,271 - INFO: Beginning remote Pipeline invocation
2025-06-11 09:03:02,032 - INFO: Closing Runspace Pool
2025-06-11 09:03:07,093 - INFO: Executing PowerShell script 'Write-Output 'Conexão DHCP bem-sucedida''
2025-06-11 09:03:07,093 - INFO: Initialising RunspacePool object for configuration Microsoft.PowerShell
2025-06-11 09:03:07,095 - INFO: Opening a new Runspace Pool on remote host
2025-06-11 09:03:09,068 - INFO: Initialising PowerShell in remote Runspace Pool
2025-06-11 09:03:09,068 - INFO: Beginning remote Pipeline invocation
2025-06-11 09:03:09,433 - INFO: Closing Runspace Pool
2025-06-11 09:03:09,543 - INFO: Executing PowerShell script '
                $filters = Get-DhcpServerv4Filter -List Allow
                $serviceTagFilters = @()
                $totalFilters = @()
                
                foreach ($filter in $filters) {
                    $description = if ($filter.Description) { $filter.Description } else { "" }
                    $name = if ($filter.Name) { $filter.Name } else { "" }
                    
                    # Adicionar todos os filtros
                    $filterObj = [PSCustomObject]@{
                        MacAddress = $filter.MacAddress
                        Description = $description
                        Name = $name
                        Type = "Allow"
                    }
                    $totalFilters += $filterObj
                    
                    # Verificar se contém service tag (padrão básico)
                    $combinedText = "$name $description"
                    if ($combinedText -match '[A-Z]{3}[A-Z0-9]{4,9}') {
                        $serviceTagObj = [PSCustomObject]@{
                            MacAddress = $filter.MacAddress
                            Description = $description
                            Name = $name
                            Type = "Allow"
                            CombinedText = $combinedText
                        }
                        $serviceTagFilters += $serviceTagObj
                    }
                }
                
                Write-Output "TOTAL_FILTERS_ALLOW: $($totalFilters.Count)"
                Write-Output "SERVICE_TAG_FILTERS_ALLOW: $($serviceTagFilters.Count)"
                
                # Retornar apenas filtros com service tag para economia de dados
                foreach ($filter in $serviceTagFilters) {
                    Write-Output "FILTER_ALLOW: $($filter.MacAddress)|$($filter.Description)|$($filter.Name)"
                }
                '
2025-06-11 09:03:09,549 - INFO: Initialising RunspacePool object for configuration Microsoft.PowerShell
2025-06-11 09:03:09,550 - INFO: Opening a new Runspace Pool on remote host
2025-06-11 09:03:10,252 - INFO: Initialising PowerShell in remote Runspace Pool
2025-06-11 09:03:10,253 - INFO: Beginning remote Pipeline invocation
2025-06-11 09:03:13,383 - INFO: Closing Runspace Pool
2025-06-11 09:03:13,503 - INFO: Executing PowerShell script '
                $filters = Get-DhcpServerv4Filter -List Deny
                $serviceTagFilters = @()
                $totalFilters = @()
                
                foreach ($filter in $filters) {
                    $description = if ($filter.Description) { $filter.Description } else { "" }
                    $name = if ($filter.Name) { $filter.Name } else { "" }
                    
                    # Adicionar todos os filtros
                    $filterObj = [PSCustomObject]@{
                        MacAddress = $filter.MacAddress
                        Description = $description
                        Name = $name
                        Type = "Deny"
                    }
                    $totalFilters += $filterObj
                    
                    # Verificar se contém service tag (padrão básico)
                    $combinedText = "$name $description"
                    if ($combinedText -match '[A-Z]{3}[A-Z0-9]{4,9}') {
                        $serviceTagObj = [PSCustomObject]@{
                            MacAddress = $filter.MacAddress
                            Description = $description
                            Name = $name
                            Type = "Deny"
                            CombinedText = $combinedText
                        }
                        $serviceTagFilters += $serviceTagObj
                    }
                }
                
                Write-Output "TOTAL_FILTERS_DENY: $($totalFilters.Count)"
                Write-Output "SERVICE_TAG_FILTERS_DENY: $($serviceTagFilters.Count)"
                
                # Retornar apenas filtros com service tag para economia de dados
                foreach ($filter in $serviceTagFilters) {
                    Write-Output "FILTER_DENY: $($filter.MacAddress)|$($filter.Description)|$($filter.Name)"
                }
                '
2025-06-11 09:03:13,505 - INFO: Initialising RunspacePool object for configuration Microsoft.PowerShell
2025-06-11 09:03:13,505 - INFO: Opening a new Runspace Pool on remote host
2025-06-11 09:03:13,986 - INFO: Initialising PowerShell in remote Runspace Pool
2025-06-11 09:03:13,987 - INFO: Beginning remote Pipeline invocation
2025-06-11 09:03:15,525 - INFO: Closing Runspace Pool
2025-06-11 09:03:20,052 - INFO: Executing PowerShell script 'Write-Output 'Conexão DHCP bem-sucedida''
2025-06-11 09:03:20,053 - INFO: Initialising RunspacePool object for configuration Microsoft.PowerShell
2025-06-11 09:03:20,053 - INFO: Opening a new Runspace Pool on remote host
2025-06-11 09:03:21,638 - INFO: Initialising PowerShell in remote Runspace Pool
2025-06-11 09:03:21,638 - INFO: Beginning remote Pipeline invocation
2025-06-11 09:03:22,048 - INFO: Closing Runspace Pool
2025-06-11 09:03:22,175 - INFO: Executing PowerShell script '
                $filters = Get-DhcpServerv4Filter -List Allow
                $serviceTagFilters = @()
                $totalFilters = @()
                
                foreach ($filter in $filters) {
                    $description = if ($filter.Description) { $filter.Description } else { "" }
                    $name = if ($filter.Name) { $filter.Name } else { "" }
                    
                    # Adicionar todos os filtros
                    $filterObj = [PSCustomObject]@{
                        MacAddress = $filter.MacAddress
                        Description = $description
                        Name = $name
                        Type = "Allow"
                    }
                    $totalFilters += $filterObj
                    
                    # Verificar se contém service tag (padrão básico)
                    $combinedText = "$name $description"
                    if ($combinedText -match '[A-Z]{3}[A-Z0-9]{4,9}') {
                        $serviceTagObj = [PSCustomObject]@{
                            MacAddress = $filter.MacAddress
                            Description = $description
                            Name = $name
                            Type = "Allow"
                            CombinedText = $combinedText
                        }
                        $serviceTagFilters += $serviceTagObj
                    }
                }
                
                Write-Output "TOTAL_FILTERS_ALLOW: $($totalFilters.Count)"
                Write-Output "SERVICE_TAG_FILTERS_ALLOW: $($serviceTagFilters.Count)"
                
                # Retornar apenas filtros com service tag para economia de dados
                foreach ($filter in $serviceTagFilters) {
                    Write-Output "FILTER_ALLOW: $($filter.MacAddress)|$($filter.Description)|$($filter.Name)"
                }
                '
2025-06-11 09:03:22,179 - INFO: Initialising RunspacePool object for configuration Microsoft.PowerShell
2025-06-11 09:03:22,182 - INFO: Opening a new Runspace Pool on remote host
2025-06-11 09:03:22,761 - INFO: Initialising PowerShell in remote Runspace Pool
2025-06-11 09:03:22,761 - INFO: Beginning remote Pipeline invocation
2025-06-11 09:03:28,119 - INFO: Closing Runspace Pool
2025-06-11 09:03:28,218 - INFO: Executing PowerShell script '
                $filters = Get-DhcpServerv4Filter -List Deny
                $serviceTagFilters = @()
                $totalFilters = @()
                
                foreach ($filter in $filters) {
                    $description = if ($filter.Description) { $filter.Description } else { "" }
                    $name = if ($filter.Name) { $filter.Name } else { "" }
                    
                    # Adicionar todos os filtros
                    $filterObj = [PSCustomObject]@{
                        MacAddress = $filter.MacAddress
                        Description = $description
                        Name = $name
                        Type = "Deny"
                    }
                    $totalFilters += $filterObj
                    
                    # Verificar se contém service tag (padrão básico)
                    $combinedText = "$name $description"
                    if ($combinedText -match '[A-Z]{3}[A-Z0-9]{4,9}') {
                        $serviceTagObj = [PSCustomObject]@{
                            MacAddress = $filter.MacAddress
                            Description = $description
                            Name = $name
                            Type = "Deny"
                            CombinedText = $combinedText
                        }
                        $serviceTagFilters += $serviceTagObj
                    }
                }
                
                Write-Output "TOTAL_FILTERS_DENY: $($totalFilters.Count)"
                Write-Output "SERVICE_TAG_FILTERS_DENY: $($serviceTagFilters.Count)"
                
                # Retornar apenas filtros com service tag para economia de dados
                foreach ($filter in $serviceTagFilters) {
                    Write-Output "FILTER_DENY: $($filter.MacAddress)|$($filter.Description)|$($filter.Name)"
                }
                '
2025-06-11 09:03:28,219 - INFO: Initialising RunspacePool object for configuration Microsoft.PowerShell
2025-06-11 09:03:28,220 - INFO: Opening a new Runspace Pool on remote host
2025-06-11 09:03:28,808 - INFO: Initialising PowerShell in remote Runspace Pool
2025-06-11 09:03:28,808 - INFO: Beginning remote Pipeline invocation
2025-06-11 09:03:30,271 - INFO: Closing Runspace Pool
2025-06-11 09:03:34,816 - INFO: Executing PowerShell script 'Write-Output 'Conexão DHCP bem-sucedida''
2025-06-11 09:03:34,816 - INFO: Initialising RunspacePool object for configuration Microsoft.PowerShell
2025-06-11 09:03:34,816 - INFO: Opening a new Runspace Pool on remote host
2025-06-11 09:03:42,102 - INFO: Initialising PowerShell in remote Runspace Pool
2025-06-11 09:03:42,102 - INFO: Beginning remote Pipeline invocation
2025-06-11 09:03:43,890 - INFO: Closing Runspace Pool
2025-06-11 09:03:44,698 - INFO: Executing PowerShell script '
                $filters = Get-DhcpServerv4Filter -List Allow
                $serviceTagFilters = @()
                $totalFilters = @()
                
                foreach ($filter in $filters) {
                    $description = if ($filter.Description) { $filter.Description } else { "" }
                    $name = if ($filter.Name) { $filter.Name } else { "" }
                    
                    # Adicionar todos os filtros
                    $filterObj = [PSCustomObject]@{
                        MacAddress = $filter.MacAddress
                        Description = $description
                        Name = $name
                        Type = "Allow"
                    }
                    $totalFilters += $filterObj
                    
                    # Verificar se contém service tag (padrão básico)
                    $combinedText = "$name $description"
                    if ($combinedText -match '[A-Z]{3}[A-Z0-9]{4,9}') {
                        $serviceTagObj = [PSCustomObject]@{
                            MacAddress = $filter.MacAddress
                            Description = $description
                            Name = $name
                            Type = "Allow"
                            CombinedText = $combinedText
                        }
                        $serviceTagFilters += $serviceTagObj
                    }
                }
                
                Write-Output "TOTAL_FILTERS_ALLOW: $($totalFilters.Count)"
                Write-Output "SERVICE_TAG_FILTERS_ALLOW: $($serviceTagFilters.Count)"
                
                # Retornar apenas filtros com service tag para economia de dados
                foreach ($filter in $serviceTagFilters) {
                    Write-Output "FILTER_ALLOW: $($filter.MacAddress)|$($filter.Description)|$($filter.Name)"
                }
                '
2025-06-11 09:03:44,699 - INFO: Initialising RunspacePool object for configuration Microsoft.PowerShell
2025-06-11 09:03:44,700 - INFO: Opening a new Runspace Pool on remote host
2025-06-11 09:03:47,727 - INFO: Initialising PowerShell in remote Runspace Pool
2025-06-11 09:03:47,728 - INFO: Beginning remote Pipeline invocation
2025-06-11 09:04:00,405 - INFO: Closing Runspace Pool
2025-06-11 09:04:01,035 - INFO: Executing PowerShell script '
                $filters = Get-DhcpServerv4Filter -List Deny
                $serviceTagFilters = @()
                $totalFilters = @()
                
                foreach ($filter in $filters) {
                    $description = if ($filter.Description) { $filter.Description } else { "" }
                    $name = if ($filter.Name) { $filter.Name } else { "" }
                    
                    # Adicionar todos os filtros
                    $filterObj = [PSCustomObject]@{
                        MacAddress = $filter.MacAddress
                        Description = $description
                        Name = $name
                        Type = "Deny"
                    }
                    $totalFilters += $filterObj
                    
                    # Verificar se contém service tag (padrão básico)
                    $combinedText = "$name $description"
                    if ($combinedText -match '[A-Z]{3}[A-Z0-9]{4,9}') {
                        $serviceTagObj = [PSCustomObject]@{
                            MacAddress = $filter.MacAddress
                            Description = $description
                            Name = $name
                            Type = "Deny"
                            CombinedText = $combinedText
                        }
                        $serviceTagFilters += $serviceTagObj
                    }
                }
                
                Write-Output "TOTAL_FILTERS_DENY: $($totalFilters.Count)"
                Write-Output "SERVICE_TAG_FILTERS_DENY: $($serviceTagFilters.Count)"
                
                # Retornar apenas filtros com service tag para economia de dados
                foreach ($filter in $serviceTagFilters) {
                    Write-Output "FILTER_DENY: $($filter.MacAddress)|$($filter.Description)|$($filter.Name)"
                }
                '
2025-06-11 09:04:01,036 - INFO: Initialising RunspacePool object for configuration Microsoft.PowerShell
2025-06-11 09:04:01,036 - INFO: Opening a new Runspace Pool on remote host
2025-06-11 09:04:03,441 - INFO: Initialising PowerShell in remote Runspace Pool
2025-06-11 09:04:03,441 - INFO: Beginning remote Pipeline invocation
2025-06-11 09:04:05,716 - INFO: Closing Runspace Pool
2025-06-11 09:04:11,220 - INFO: Executing PowerShell script 'Write-Output 'Conexão DHCP bem-sucedida''
2025-06-11 09:04:11,220 - INFO: Initialising RunspacePool object for configuration Microsoft.PowerShell
2025-06-11 09:04:11,221 - INFO: Opening a new Runspace Pool on remote host
2025-06-11 09:04:12,264 - INFO: Initialising PowerShell in remote Runspace Pool
2025-06-11 09:04:12,264 - INFO: Beginning remote Pipeline invocation
2025-06-11 09:04:12,667 - INFO: Closing Runspace Pool
2025-06-11 09:04:12,768 - INFO: Executing PowerShell script '
                $filters = Get-DhcpServerv4Filter -List Allow
                $serviceTagFilters = @()
                $totalFilters = @()
                
                foreach ($filter in $filters) {
                    $description = if ($filter.Description) { $filter.Description } else { "" }
                    $name = if ($filter.Name) { $filter.Name } else { "" }
                    
                    # Adicionar todos os filtros
                    $filterObj = [PSCustomObject]@{
                        MacAddress = $filter.MacAddress
                        Description = $description
                        Name = $name
                        Type = "Allow"
                    }
                    $totalFilters += $filterObj
                    
                    # Verificar se contém service tag (padrão básico)
                    $combinedText = "$name $description"
                    if ($combinedText -match '[A-Z]{3}[A-Z0-9]{4,9}') {
                        $serviceTagObj = [PSCustomObject]@{
                            MacAddress = $filter.MacAddress
                            Description = $description
                            Name = $name
                            Type = "Allow"
                            CombinedText = $combinedText
                        }
                        $serviceTagFilters += $serviceTagObj
                    }
                }
                
                Write-Output "TOTAL_FILTERS_ALLOW: $($totalFilters.Count)"
                Write-Output "SERVICE_TAG_FILTERS_ALLOW: $($serviceTagFilters.Count)"
                
                # Retornar apenas filtros com service tag para economia de dados
                foreach ($filter in $serviceTagFilters) {
                    Write-Output "FILTER_ALLOW: $($filter.MacAddress)|$($filter.Description)|$($filter.Name)"
                }
                '
2025-06-11 09:04:12,770 - INFO: Initialising RunspacePool object for configuration Microsoft.PowerShell
2025-06-11 09:04:12,770 - INFO: Opening a new Runspace Pool on remote host
2025-06-11 09:04:13,377 - INFO: Initialising PowerShell in remote Runspace Pool
2025-06-11 09:04:13,377 - INFO: Beginning remote Pipeline invocation
2025-06-11 09:04:18,364 - INFO: Closing Runspace Pool
2025-06-11 09:04:18,476 - INFO: Executing PowerShell script '
                $filters = Get-DhcpServerv4Filter -List Deny
                $serviceTagFilters = @()
                $totalFilters = @()
                
                foreach ($filter in $filters) {
                    $description = if ($filter.Description) { $filter.Description } else { "" }
                    $name = if ($filter.Name) { $filter.Name } else { "" }
                    
                    # Adicionar todos os filtros
                    $filterObj = [PSCustomObject]@{
                        MacAddress = $filter.MacAddress
                        Description = $description
                        Name = $name
                        Type = "Deny"
                    }
                    $totalFilters += $filterObj
                    
                    # Verificar se contém service tag (padrão básico)
                    $combinedText = "$name $description"
                    if ($combinedText -match '[A-Z]{3}[A-Z0-9]{4,9}') {
                        $serviceTagObj = [PSCustomObject]@{
                            MacAddress = $filter.MacAddress
                            Description = $description
                            Name = $name
                            Type = "Deny"
                            CombinedText = $combinedText
                        }
                        $serviceTagFilters += $serviceTagObj
                    }
                }
                
                Write-Output "TOTAL_FILTERS_DENY: $($totalFilters.Count)"
                Write-Output "SERVICE_TAG_FILTERS_DENY: $($serviceTagFilters.Count)"
                
                # Retornar apenas filtros com service tag para economia de dados
                foreach ($filter in $serviceTagFilters) {
                    Write-Output "FILTER_DENY: $($filter.MacAddress)|$($filter.Description)|$($filter.Name)"
                }
                '
2025-06-11 09:04:18,478 - INFO: Initialising RunspacePool object for configuration Microsoft.PowerShell
2025-06-11 09:04:18,478 - INFO: Opening a new Runspace Pool on remote host
2025-06-11 09:04:18,975 - INFO: Initialising PowerShell in remote Runspace Pool
2025-06-11 09:04:18,976 - INFO: Beginning remote Pipeline invocation
2025-06-11 09:04:20,619 - INFO: Closing Runspace Pool
2025-06-11 09:04:25,500 - INFO: Executing PowerShell script 'Write-Output 'Conexão DHCP bem-sucedida''
2025-06-11 09:04:25,500 - INFO: Initialising RunspacePool object for configuration Microsoft.PowerShell
2025-06-11 09:04:25,500 - INFO: Opening a new Runspace Pool on remote host
2025-06-11 09:04:26,574 - INFO: Initialising PowerShell in remote Runspace Pool
2025-06-11 09:04:26,575 - INFO: Beginning remote Pipeline invocation
2025-06-11 09:04:26,906 - INFO: Closing Runspace Pool
2025-06-11 09:04:27,054 - INFO: Executing PowerShell script '
                $filters = Get-DhcpServerv4Filter -List Allow
                $serviceTagFilters = @()
                $totalFilters = @()
                
                foreach ($filter in $filters) {
                    $description = if ($filter.Description) { $filter.Description } else { "" }
                    $name = if ($filter.Name) { $filter.Name } else { "" }
                    
                    # Adicionar todos os filtros
                    $filterObj = [PSCustomObject]@{
                        MacAddress = $filter.MacAddress
                        Description = $description
                        Name = $name
                        Type = "Allow"
                    }
                    $totalFilters += $filterObj
                    
                    # Verificar se contém service tag (padrão básico)
                    $combinedText = "$name $description"
                    if ($combinedText -match '[A-Z]{3}[A-Z0-9]{4,9}') {
                        $serviceTagObj = [PSCustomObject]@{
                            MacAddress = $filter.MacAddress
                            Description = $description
                            Name = $name
                            Type = "Allow"
                            CombinedText = $combinedText
                        }
                        $serviceTagFilters += $serviceTagObj
                    }
                }
                
                Write-Output "TOTAL_FILTERS_ALLOW: $($totalFilters.Count)"
                Write-Output "SERVICE_TAG_FILTERS_ALLOW: $($serviceTagFilters.Count)"
                
                # Retornar apenas filtros com service tag para economia de dados
                foreach ($filter in $serviceTagFilters) {
                    Write-Output "FILTER_ALLOW: $($filter.MacAddress)|$($filter.Description)|$($filter.Name)"
                }
                '
2025-06-11 09:04:27,122 - INFO: Initialising RunspacePool object for configuration Microsoft.PowerShell
2025-06-11 09:04:27,133 - INFO: Opening a new Runspace Pool on remote host
2025-06-11 09:04:27,738 - INFO: Initialising PowerShell in remote Runspace Pool
2025-06-11 09:04:27,738 - INFO: Beginning remote Pipeline invocation
2025-06-11 09:04:31,361 - INFO: Closing Runspace Pool
2025-06-11 09:04:31,563 - INFO: Executing PowerShell script '
                $filters = Get-DhcpServerv4Filter -List Deny
                $serviceTagFilters = @()
                $totalFilters = @()
                
                foreach ($filter in $filters) {
                    $description = if ($filter.Description) { $filter.Description } else { "" }
                    $name = if ($filter.Name) { $filter.Name } else { "" }
                    
                    # Adicionar todos os filtros
                    $filterObj = [PSCustomObject]@{
                        MacAddress = $filter.MacAddress
                        Description = $description
                        Name = $name
                        Type = "Deny"
                    }
                    $totalFilters += $filterObj
                    
                    # Verificar se contém service tag (padrão básico)
                    $combinedText = "$name $description"
                    if ($combinedText -match '[A-Z]{3}[A-Z0-9]{4,9}') {
                        $serviceTagObj = [PSCustomObject]@{
                            MacAddress = $filter.MacAddress
                            Description = $description
                            Name = $name
                            Type = "Deny"
                            CombinedText = $combinedText
                        }
                        $serviceTagFilters += $serviceTagObj
                    }
                }
                
                Write-Output "TOTAL_FILTERS_DENY: $($totalFilters.Count)"
                Write-Output "SERVICE_TAG_FILTERS_DENY: $($serviceTagFilters.Count)"
                
                # Retornar apenas filtros com service tag para economia de dados
                foreach ($filter in $serviceTagFilters) {
                    Write-Output "FILTER_DENY: $($filter.MacAddress)|$($filter.Description)|$($filter.Name)"
                }
                '
2025-06-11 09:04:31,565 - INFO: Initialising RunspacePool object for configuration Microsoft.PowerShell
2025-06-11 09:04:31,565 - INFO: Opening a new Runspace Pool on remote host
2025-06-11 09:04:32,159 - INFO: Initialising PowerShell in remote Runspace Pool
2025-06-11 09:04:32,162 - INFO: Beginning remote Pipeline invocation
2025-06-11 09:04:33,752 - INFO: Closing Runspace Pool
2025-06-11 09:04:38,574 - INFO: ======================================================================
